<?xml version="1.0" encoding="UTF-8"?>
<!-- Generated by org.testng.reporters.JUnitReportReporter -->
<testsuite hostname="LAPTOP-OHLH8S6H" name="com.crm.qa.testcases.ContactsPageTest" tests="6" failures="0" timestamp="17 Aug 2019 19:39:59 GMT" time="110.499" errors="0">
  <testcase name="validateCreateNewContactTest" time="20.290" classname="com.crm.qa.testcases.ContactsPageTest"/>
  <testcase name="selectMultipleContactsTest" time="19.638" classname="com.crm.qa.testcases.ContactsPageTest"/>
  <testcase name="selectSingleContactsTest" time="15.927" classname="com.crm.qa.testcases.ContactsPageTest"/>
  <testcase name="verifyContactsPageLabelTest" time="16.500" classname="com.crm.qa.testcases.ContactsPageTest"/>
  <testcase name="validateCreateNewContactTest" time="18.157" classname="com.crm.qa.testcases.ContactsPageTest"/>
  <testcase name="validateCreateNewContactTest" time="19.987" classname="com.crm.qa.testcases.ContactsPageTest"/>
</testsuite> <!-- com.crm.qa.testcases.ContactsPageTest -->
