<?xml version="1.0" encoding="UTF-8"?>
<!-- Generated by org.testng.reporters.JUnitReportReporter -->
<testsuite hostname="LAPTOP-OHLH8S6H" name="com.crm.qa.testbase.ContactsPageTest" tests="3" failures="0" timestamp="31 Jul 2019 04:07:33 GMT" time="49.908" errors="0">
  <testcase name="verifyContactsPageLabelTest" time="15.344" classname="com.crm.qa.testbase.ContactsPageTest"/>
  <testcase name="selectMultipleContactsTest" time="18.839" classname="com.crm.qa.testbase.ContactsPageTest"/>
  <testcase name="selectSingleContactsTest" time="15.725" classname="com.crm.qa.testbase.ContactsPageTest"/>
</testsuite> <!-- com.crm.qa.testbase.ContactsPageTest -->
