<?xml version="1.0" encoding="UTF-8"?>
<!-- Generated by org.testng.reporters.JUnitReportReporter -->
<testsuite hostname="LAPTOP-OHLH8S6H" name="com.crm.qa.testbase.HomePageTest" tests="3" failures="0" timestamp="31 Jul 2019 03:32:40 GMT" time="49.653" errors="0">
  <testcase name="verifyContactsLinkTest" time="16.589" classname="com.crm.qa.testbase.HomePageTest"/>
  <testcase name="verifyHomePageTitleTest" time="17.869" classname="com.crm.qa.testbase.HomePageTest"/>
  <testcase name="verifyUsernameDisplayed" time="15.195" classname="com.crm.qa.testbase.HomePageTest"/>
</testsuite> <!-- com.crm.qa.testbase.HomePageTest -->
