<?xml version="1.0" encoding="UTF-8"?>
<!-- Generated by org.testng.reporters.JUnitReportReporter -->
<testsuite hostname="LAPTOP-OHLH8S6H" name="com.crm.qa.testcases.HomePageTest" tests="3" failures="0" timestamp="10 Aug 2019 21:10:18 GMT" time="65.838" errors="0">
  <testcase name="verifyContactsLinkTest" time="20.754" classname="com.crm.qa.testcases.HomePageTest"/>
  <testcase name="verifyUsernameDisplayed" time="25.035" classname="com.crm.qa.testcases.HomePageTest"/>
  <testcase name="verifyHomePageTitleTest" time="20.049" classname="com.crm.qa.testcases.HomePageTest"/>
</testsuite> <!-- com.crm.qa.testcases.HomePageTest -->
