<?xml version="1.0" encoding="UTF-8"?>
<!-- Generated by org.testng.reporters.JUnitReportReporter -->
<testsuite hostname="LAPTOP-OHLH8S6H" name="com.crm.qa.testcases.LoginPageTest" tests="3" failures="0" timestamp="16 Aug 2019 20:58:19 GMT" time="42.384" errors="0">
  <testcase name="crmLogoTest" time="10.582" classname="com.crm.qa.testcases.LoginPageTest"/>
  <testcase name="loginTest" time="21.522" classname="com.crm.qa.testcases.LoginPageTest"/>
  <testcase name="loginPageTitleTest" time="10.280" classname="com.crm.qa.testcases.LoginPageTest"/>
</testsuite> <!-- com.crm.qa.testcases.LoginPageTest -->
