<?xml version="1.0" encoding="UTF-8"?>
<!-- Generated by org.testng.reporters.JUnitReportReporter -->
<testsuite hostname="LAPTOP-OHLH8S6H" name="com.crm.qa.testcases.LoginPageTest" tests="3" failures="0" timestamp="18 Aug 2019 05:55:53 GMT" time="38.095" errors="0">
  <testcase name="loginPageTitleTest" time="10.402" classname="com.crm.qa.testcases.LoginPageTest"/>
  <testcase name="loginTest" time="17.878" classname="com.crm.qa.testcases.LoginPageTest"/>
  <testcase name="crmLogoTest" time="9.815" classname="com.crm.qa.testcases.LoginPageTest"/>
</testsuite> <!-- com.crm.qa.testcases.LoginPageTest -->
