<?xml version="1.0" encoding="UTF-8"?>
<!-- Generated by org.testng.reporters.JUnitReportReporter -->
<testsuite hostname="LAPTOP-OHLH8S6H" name="com.crm.qa.testcases.HomePageTest" tests="3" failures="0" timestamp="16 Aug 2019 20:58:19 GMT" time="70.668" errors="0">
  <testcase name="verifyContactsLinkTest" time="18.979" classname="com.crm.qa.testcases.HomePageTest"/>
  <testcase name="verifyHomePageTitleTest" time="32.869" classname="com.crm.qa.testcases.HomePageTest"/>
  <testcase name="verifyUsernameDisplayed" time="18.820" classname="com.crm.qa.testcases.HomePageTest"/>
</testsuite> <!-- com.crm.qa.testcases.HomePageTest -->
