<?xml version="1.0" encoding="UTF-8"?>
<!-- Generated by org.testng.reporters.JUnitReportReporter -->
<testsuite hostname="LAPTOP-OHLH8S6H" name="com.crm.qa.testcases.HomePageTest" tests="3" failures="0" timestamp="18 Aug 2019 05:55:53 GMT" time="74.717" errors="0">
  <testcase name="verifyContactsLinkTest" time="37.098" classname="com.crm.qa.testcases.HomePageTest"/>
  <testcase name="verifyUsernameDisplayed" time="19.727" classname="com.crm.qa.testcases.HomePageTest"/>
  <testcase name="verifyHomePageTitleTest" time="17.892" classname="com.crm.qa.testcases.HomePageTest"/>
</testsuite> <!-- com.crm.qa.testcases.HomePageTest -->
